  SAJJAL.cpp
C:\Users\Zubair\Documents\NewLaptop\5th_semester\OS\I22591_Project\LUDO_GAME_PROJECT\SAJJAL\SAJJAL\SAJJAL.cpp(21,9): warning C4566: character represented by universal-character-name '\u2588' cannot be represented in the current code page (1252)
C:\Users\Zubair\Documents\NewLaptop\5th_semester\OS\I22591_Project\LUDO_GAME_PROJECT\SAJJAL\SAJJAL\SAJJAL.cpp(21,9): warning C4566: character represented by universal-character-name '\u2557' cannot be represented in the current code page (1252)
C:\Users\Zubair\Documents\NewLaptop\5th_semester\OS\I22591_Project\LUDO_GAME_PROJECT\SAJJAL\SAJJAL\SAJJAL.cpp(22,9): warning C4566: character represented by universal-character-name '\u2588' cannot be represented in the current code page (1252)
C:\Users\Zubair\Documents\NewLaptop\5th_semester\OS\I22591_Project\LUDO_GAME_PROJECT\SAJJAL\SAJJAL\SAJJAL.cpp(22,9): warning C4566: character represented by universal-character-name '\u2554' cannot be represented in the current code page (1252)
C:\Users\Zubair\Documents\NewLaptop\5th_semester\OS\I22591_Project\LUDO_GAME_PROJECT\SAJJAL\SAJJAL\SAJJAL.cpp(22,9): warning C4566: character represented by universal-character-name '\u2550' cannot be represented in the current code page (1252)
C:\Users\Zubair\Documents\NewLaptop\5th_semester\OS\I22591_Project\LUDO_GAME_PROJECT\SAJJAL\SAJJAL\SAJJAL.cpp(22,9): warning C4566: character represented by universal-character-name '\u255D' cannot be represented in the current code page (1252)
C:\Users\Zubair\Documents\NewLaptop\5th_semester\OS\I22591_Project\LUDO_GAME_PROJECT\SAJJAL\SAJJAL\SAJJAL.cpp(22,9): warning C4566: character represented by universal-character-name '\u2557' cannot be represented in the current code page (1252)
C:\Users\Zubair\Documents\NewLaptop\5th_semester\OS\I22591_Project\LUDO_GAME_PROJECT\SAJJAL\SAJJAL\SAJJAL.cpp(22,9): warning C4566: character represented by universal-character-name '\u2551' cannot be represented in the current code page (1252)
C:\Users\Zubair\Documents\NewLaptop\5th_semester\OS\I22591_Project\LUDO_GAME_PROJECT\SAJJAL\SAJJAL\SAJJAL.cpp(23,9): warning C4566: character represented by universal-character-name '\u2588' cannot be represented in the current code page (1252)
C:\Users\Zubair\Documents\NewLaptop\5th_semester\OS\I22591_Project\LUDO_GAME_PROJECT\SAJJAL\SAJJAL\SAJJAL.cpp(23,9): warning C4566: character represented by universal-character-name '\u2557' cannot be represented in the current code page (1252)
C:\Users\Zubair\Documents\NewLaptop\5th_semester\OS\I22591_Project\LUDO_GAME_PROJECT\SAJJAL\SAJJAL\SAJJAL.cpp(23,9): warning C4566: character represented by universal-character-name '\u2551' cannot be represented in the current code page (1252)
C:\Users\Zubair\Documents\NewLaptop\5th_semester\OS\I22591_Project\LUDO_GAME_PROJECT\SAJJAL\SAJJAL\SAJJAL.cpp(24,9): warning C4566: character represented by universal-character-name '\u255A' cannot be represented in the current code page (1252)
C:\Users\Zubair\Documents\NewLaptop\5th_semester\OS\I22591_Project\LUDO_GAME_PROJECT\SAJJAL\SAJJAL\SAJJAL.cpp(24,9): warning C4566: character represented by universal-character-name '\u2550' cannot be represented in the current code page (1252)
C:\Users\Zubair\Documents\NewLaptop\5th_semester\OS\I22591_Project\LUDO_GAME_PROJECT\SAJJAL\SAJJAL\SAJJAL.cpp(24,9): warning C4566: character represented by universal-character-name '\u2588' cannot be represented in the current code page (1252)
C:\Users\Zubair\Documents\NewLaptop\5th_semester\OS\I22591_Project\LUDO_GAME_PROJECT\SAJJAL\SAJJAL\SAJJAL.cpp(24,9): warning C4566: character represented by universal-character-name '\u2551' cannot be represented in the current code page (1252)
C:\Users\Zubair\Documents\NewLaptop\5th_semester\OS\I22591_Project\LUDO_GAME_PROJECT\SAJJAL\SAJJAL\SAJJAL.cpp(24,9): warning C4566: character represented by universal-character-name '\u2554' cannot be represented in the current code page (1252)
C:\Users\Zubair\Documents\NewLaptop\5th_semester\OS\I22591_Project\LUDO_GAME_PROJECT\SAJJAL\SAJJAL\SAJJAL.cpp(25,9): warning C4566: character represented by universal-character-name '\u2588' cannot be represented in the current code page (1252)
C:\Users\Zubair\Documents\NewLaptop\5th_semester\OS\I22591_Project\LUDO_GAME_PROJECT\SAJJAL\SAJJAL\SAJJAL.cpp(25,9): warning C4566: character represented by universal-character-name '\u2551' cannot be represented in the current code page (1252)
C:\Users\Zubair\Documents\NewLaptop\5th_semester\OS\I22591_Project\LUDO_GAME_PROJECT\SAJJAL\SAJJAL\SAJJAL.cpp(25,9): warning C4566: character represented by universal-character-name '\u255A' cannot be represented in the current code page (1252)
C:\Users\Zubair\Documents\NewLaptop\5th_semester\OS\I22591_Project\LUDO_GAME_PROJECT\SAJJAL\SAJJAL\SAJJAL.cpp(25,9): warning C4566: character represented by universal-character-name '\u2554' cannot be represented in the current code page (1252)
C:\Users\Zubair\Documents\NewLaptop\5th_semester\OS\I22591_Project\LUDO_GAME_PROJECT\SAJJAL\SAJJAL\SAJJAL.cpp(25,9): warning C4566: character represented by universal-character-name '\u255D' cannot be represented in the current code page (1252)
C:\Users\Zubair\Documents\NewLaptop\5th_semester\OS\I22591_Project\LUDO_GAME_PROJECT\SAJJAL\SAJJAL\SAJJAL.cpp(25,9): warning C4566: character represented by universal-character-name '\u2557' cannot be represented in the current code page (1252)
C:\Users\Zubair\Documents\NewLaptop\5th_semester\OS\I22591_Project\LUDO_GAME_PROJECT\SAJJAL\SAJJAL\SAJJAL.cpp(26,9): warning C4566: character represented by universal-character-name '\u255A' cannot be represented in the current code page (1252)
C:\Users\Zubair\Documents\NewLaptop\5th_semester\OS\I22591_Project\LUDO_GAME_PROJECT\SAJJAL\SAJJAL\SAJJAL.cpp(26,9): warning C4566: character represented by universal-character-name '\u2550' cannot be represented in the current code page (1252)
C:\Users\Zubair\Documents\NewLaptop\5th_semester\OS\I22591_Project\LUDO_GAME_PROJECT\SAJJAL\SAJJAL\SAJJAL.cpp(26,9): warning C4566: character represented by universal-character-name '\u255D' cannot be represented in the current code page (1252)
C:\Users\Zubair\Documents\NewLaptop\5th_semester\OS\I22591_Project\LUDO_GAME_PROJECT\SAJJAL\SAJJAL\SAJJAL.cpp(28,9): warning C4566: character represented by universal-character-name '\u2588' cannot be represented in the current code page (1252)
C:\Users\Zubair\Documents\NewLaptop\5th_semester\OS\I22591_Project\LUDO_GAME_PROJECT\SAJJAL\SAJJAL\SAJJAL.cpp(28,9): warning C4566: character represented by universal-character-name '\u2557' cannot be represented in the current code page (1252)
C:\Users\Zubair\Documents\NewLaptop\5th_semester\OS\I22591_Project\LUDO_GAME_PROJECT\SAJJAL\SAJJAL\SAJJAL.cpp(29,9): warning C4566: character represented by universal-character-name '\u255A' cannot be represented in the current code page (1252)
C:\Users\Zubair\Documents\NewLaptop\5th_semester\OS\I22591_Project\LUDO_GAME_PROJECT\SAJJAL\SAJJAL\SAJJAL.cpp(29,9): warning C4566: character represented by universal-character-name '\u2550' cannot be represented in the current code page (1252)
C:\Users\Zubair\Documents\NewLaptop\5th_semester\OS\I22591_Project\LUDO_GAME_PROJECT\SAJJAL\SAJJAL\SAJJAL.cpp(29,9): warning C4566: character represented by universal-character-name '\u2588' cannot be represented in the current code page (1252)
C:\Users\Zubair\Documents\NewLaptop\5th_semester\OS\I22591_Project\LUDO_GAME_PROJECT\SAJJAL\SAJJAL\SAJJAL.cpp(29,9): warning C4566: character represented by universal-character-name '\u2554' cannot be represented in the current code page (1252)
C:\Users\Zubair\Documents\NewLaptop\5th_semester\OS\I22591_Project\LUDO_GAME_PROJECT\SAJJAL\SAJJAL\SAJJAL.cpp(29,9): warning C4566: character represented by universal-character-name '\u255D' cannot be represented in the current code page (1252)
C:\Users\Zubair\Documents\NewLaptop\5th_semester\OS\I22591_Project\LUDO_GAME_PROJECT\SAJJAL\SAJJAL\SAJJAL.cpp(29,9): warning C4566: character represented by universal-character-name '\u2551' cannot be represented in the current code page (1252)
C:\Users\Zubair\Documents\NewLaptop\5th_semester\OS\I22591_Project\LUDO_GAME_PROJECT\SAJJAL\SAJJAL\SAJJAL.cpp(29,9): warning C4566: character represented by universal-character-name '\u2557' cannot be represented in the current code page (1252)
C:\Users\Zubair\Documents\NewLaptop\5th_semester\OS\I22591_Project\LUDO_GAME_PROJECT\SAJJAL\SAJJAL\SAJJAL.cpp(30,9): warning C4566: character represented by universal-character-name '\u2588' cannot be represented in the current code page (1252)
C:\Users\Zubair\Documents\NewLaptop\5th_semester\OS\I22591_Project\LUDO_GAME_PROJECT\SAJJAL\SAJJAL\SAJJAL.cpp(30,9): warning C4566: character represented by universal-character-name '\u2554' cannot be represented in the current code page (1252)
C:\Users\Zubair\Documents\NewLaptop\5th_semester\OS\I22591_Project\LUDO_GAME_PROJECT\SAJJAL\SAJJAL\SAJJAL.cpp(30,9): warning C4566: character represented by universal-character-name '\u255D' cannot be represented in the current code page (1252)
C:\Users\Zubair\Documents\NewLaptop\5th_semester\OS\I22591_Project\LUDO_GAME_PROJECT\SAJJAL\SAJJAL\SAJJAL.cpp(30,9): warning C4566: character represented by universal-character-name '\u2551' cannot be represented in the current code page (1252)
C:\Users\Zubair\Documents\NewLaptop\5th_semester\OS\I22591_Project\LUDO_GAME_PROJECT\SAJJAL\SAJJAL\SAJJAL.cpp(31,9): warning C4566: character represented by universal-character-name '\u2588' cannot be represented in the current code page (1252)
C:\Users\Zubair\Documents\NewLaptop\5th_semester\OS\I22591_Project\LUDO_GAME_PROJECT\SAJJAL\SAJJAL\SAJJAL.cpp(31,9): warning C4566: character represented by universal-character-name '\u2554' cannot be represented in the current code page (1252)
C:\Users\Zubair\Documents\NewLaptop\5th_semester\OS\I22591_Project\LUDO_GAME_PROJECT\SAJJAL\SAJJAL\SAJJAL.cpp(31,9): warning C4566: character represented by universal-character-name '\u255D' cannot be represented in the current code page (1252)
C:\Users\Zubair\Documents\NewLaptop\5th_semester\OS\I22591_Project\LUDO_GAME_PROJECT\SAJJAL\SAJJAL\SAJJAL.cpp(31,9): warning C4566: character represented by universal-character-name '\u2551' cannot be represented in the current code page (1252)
C:\Users\Zubair\Documents\NewLaptop\5th_semester\OS\I22591_Project\LUDO_GAME_PROJECT\SAJJAL\SAJJAL\SAJJAL.cpp(31,9): warning C4566: character represented by universal-character-name '\u2550' cannot be represented in the current code page (1252)
C:\Users\Zubair\Documents\NewLaptop\5th_semester\OS\I22591_Project\LUDO_GAME_PROJECT\SAJJAL\SAJJAL\SAJJAL.cpp(31,9): warning C4566: character represented by universal-character-name '\u2557' cannot be represented in the current code page (1252)
C:\Users\Zubair\Documents\NewLaptop\5th_semester\OS\I22591_Project\LUDO_GAME_PROJECT\SAJJAL\SAJJAL\SAJJAL.cpp(32,9): warning C4566: character represented by universal-character-name '\u2588' cannot be represented in the current code page (1252)
C:\Users\Zubair\Documents\NewLaptop\5th_semester\OS\I22591_Project\LUDO_GAME_PROJECT\SAJJAL\SAJJAL\SAJJAL.cpp(32,9): warning C4566: character represented by universal-character-name '\u2557' cannot be represented in the current code page (1252)
C:\Users\Zubair\Documents\NewLaptop\5th_semester\OS\I22591_Project\LUDO_GAME_PROJECT\SAJJAL\SAJJAL\SAJJAL.cpp(32,9): warning C4566: character represented by universal-character-name '\u255A' cannot be represented in the current code page (1252)
C:\Users\Zubair\Documents\NewLaptop\5th_semester\OS\I22591_Project\LUDO_GAME_PROJECT\SAJJAL\SAJJAL\SAJJAL.cpp(32,9): warning C4566: character represented by universal-character-name '\u2554' cannot be represented in the current code page (1252)
C:\Users\Zubair\Documents\NewLaptop\5th_semester\OS\I22591_Project\LUDO_GAME_PROJECT\SAJJAL\SAJJAL\SAJJAL.cpp(32,9): warning C4566: character represented by universal-character-name '\u255D' cannot be represented in the current code page (1252)
C:\Users\Zubair\Documents\NewLaptop\5th_semester\OS\I22591_Project\LUDO_GAME_PROJECT\SAJJAL\SAJJAL\SAJJAL.cpp(32,9): warning C4566: character represented by universal-character-name '\u2551' cannot be represented in the current code page (1252)
C:\Users\Zubair\Documents\NewLaptop\5th_semester\OS\I22591_Project\LUDO_GAME_PROJECT\SAJJAL\SAJJAL\SAJJAL.cpp(33,9): warning C4566: character represented by universal-character-name '\u255A' cannot be represented in the current code page (1252)
C:\Users\Zubair\Documents\NewLaptop\5th_semester\OS\I22591_Project\LUDO_GAME_PROJECT\SAJJAL\SAJJAL\SAJJAL.cpp(33,9): warning C4566: character represented by universal-character-name '\u2550' cannot be represented in the current code page (1252)
C:\Users\Zubair\Documents\NewLaptop\5th_semester\OS\I22591_Project\LUDO_GAME_PROJECT\SAJJAL\SAJJAL\SAJJAL.cpp(33,9): warning C4566: character represented by universal-character-name '\u255D' cannot be represented in the current code page (1252)
C:\Users\Zubair\Documents\NewLaptop\5th_semester\OS\I22591_Project\LUDO_GAME_PROJECT\SAJJAL\SAJJAL\SAJJAL.cpp(43,29): warning C4566: character represented by universal-character-name '\U0001F389' cannot be represented in the current code page (1252)
C:\Users\Zubair\Documents\NewLaptop\5th_semester\OS\I22591_Project\LUDO_GAME_PROJECT\SAJJAL\SAJJAL\SAJJAL.cpp(43,29): warning C4566: character represented by universal-character-name '\U0001F38A' cannot be represented in the current code page (1252)
C:\Users\Zubair\Documents\NewLaptop\5th_semester\OS\I22591_Project\LUDO_GAME_PROJECT\SAJJAL\SAJJAL\SAJJAL.cpp(54,9): warning C4566: character represented by universal-character-name '\U0001F386' cannot be represented in the current code page (1252)
C:\Users\Zubair\Documents\NewLaptop\5th_semester\OS\I22591_Project\LUDO_GAME_PROJECT\SAJJAL\SAJJAL\SAJJAL.cpp(55,9): warning C4566: character represented by universal-character-name '\U0001F942' cannot be represented in the current code page (1252)
C:\Users\Zubair\Documents\NewLaptop\5th_semester\OS\I22591_Project\LUDO_GAME_PROJECT\SAJJAL\SAJJAL\SAJJAL.cpp(56,9): warning C4566: character represented by universal-character-name '\U0001F570' cannot be represented in the current code page (1252)
C:\Users\Zubair\Documents\NewLaptop\5th_semester\OS\I22591_Project\LUDO_GAME_PROJECT\SAJJAL\SAJJAL\SAJJAL.cpp(56,9): warning C4566: character represented by universal-character-name '\uFE0F' cannot be represented in the current code page (1252)
C:\Users\Zubair\Documents\NewLaptop\5th_semester\OS\I22591_Project\LUDO_GAME_PROJECT\SAJJAL\SAJJAL\SAJJAL.cpp(57,9): warning C4566: character represented by universal-character-name '\U0001F3B5' cannot be represented in the current code page (1252)
C:\Users\Zubair\Documents\NewLaptop\5th_semester\OS\I22591_Project\LUDO_GAME_PROJECT\SAJJAL\SAJJAL\SAJJAL.cpp(68,16): warning C4566: character represented by universal-character-name '\u2728' cannot be represented in the current code page (1252)
C:\Users\Zubair\Documents\NewLaptop\5th_semester\OS\I22591_Project\LUDO_GAME_PROJECT\SAJJAL\SAJJAL\SAJJAL.cpp(85,30): warning C4566: character represented by universal-character-name '\U0001F389' cannot be represented in the current code page (1252)
C:\Users\Zubair\Documents\NewLaptop\5th_semester\OS\I22591_Project\LUDO_GAME_PROJECT\SAJJAL\SAJJAL\SAJJAL.cpp(85,38): warning C4566: character represented by universal-character-name '\U0001F38A' cannot be represented in the current code page (1252)
C:\Users\Zubair\Documents\NewLaptop\5th_semester\OS\I22591_Project\LUDO_GAME_PROJECT\SAJJAL\SAJJAL\SAJJAL.cpp(85,46): warning C4566: character represented by universal-character-name '\U0001F973' cannot be represented in the current code page (1252)
C:\Users\Zubair\Documents\NewLaptop\5th_semester\OS\I22591_Project\LUDO_GAME_PROJECT\SAJJAL\SAJJAL\SAJJAL.cpp(85,54): warning C4566: character represented by universal-character-name '\U0001F386' cannot be represented in the current code page (1252)
C:\Users\Zubair\Documents\NewLaptop\5th_semester\OS\I22591_Project\LUDO_GAME_PROJECT\SAJJAL\SAJJAL\SAJJAL.cpp(85,62): warning C4566: character represented by universal-character-name '\U0001F387' cannot be represented in the current code page (1252)
C:\Users\Zubair\Documents\NewLaptop\5th_semester\OS\I22591_Project\LUDO_GAME_PROJECT\SAJJAL\SAJJAL\SAJJAL.cpp(85,70): warning C4566: character represented by universal-character-name '\u2728' cannot be represented in the current code page (1252)
C:\Users\Zubair\Documents\NewLaptop\5th_semester\OS\I22591_Project\LUDO_GAME_PROJECT\SAJJAL\SAJJAL\SAJJAL.cpp(108,16): warning C4566: character represented by universal-character-name '\U0001F389' cannot be represented in the current code page (1252)
C:\Users\Zubair\Documents\NewLaptop\5th_semester\OS\I22591_Project\LUDO_GAME_PROJECT\SAJJAL\SAJJAL\SAJJAL.cpp(108,69): warning C4566: character represented by universal-character-name '\U0001F38A' cannot be represented in the current code page (1252)
C:\Users\Zubair\Documents\NewLaptop\5th_semester\OS\I22591_Project\LUDO_GAME_PROJECT\SAJJAL\SAJJAL\SAJJAL.cpp(110,16): warning C4566: character represented by universal-character-name '\U0001F31F' cannot be represented in the current code page (1252)
  SAJJAL.vcxproj -> C:\Users\Zubair\Documents\NewLaptop\5th_semester\OS\I22591_Project\LUDO_GAME_PROJECT\SAJJAL\x64\Debug\SAJJAL.exe
